⚠️  Supabase not configured. Database features disabled. Configure .env to enable.
⚠️  Web Push not configured. Push notifications disabled. Configure .env to enable.
node:events:496
      throw er; // Unhandled 'error' event
      ^

Error: listen EADDRINUSE: address already in use :::5000
    at Server.setupListenHandSquare API error: Request failed with status code 401
uster (node:net:1997:12)
    at Server.listen (node:net:2102:7)
    at Function.listen (C:\Users\scali\Desktop\dispatch\node_modules\express\lib\application.js:635:24)
    at file:///C:/Users/scali/Desktop/dispatch/server.js:259:5
    at ModuleJob.run (node:internal/modules/esm/module_job:329:25)
    at async onImport.tracePromise.__proto__ (node:internal/modules/esm/loader:644:26)
    at async asyncRunEntryPointWithESMLoader (node:internal/modules/run_main:117:5)
Emitted 'error' event on Server instance at:
    at emitErrorNT (node:net:1976:8)
    at process.processTicksAndRejections (node:internal/process/task_queues:90:21) {
  code: 'EADDRINUSE',
  errno: -4091,
  syscall: 'listen',
  address: '::',
  port: 5000
}

Node.js v22.17.1
